# JRE version: OpenJDK Runtime Environment Microsoft-8035246 (17.0.8+7) (build 17.0.8+7-LTS)
# Java VM: OpenJDK 64-Bit Server VM Microsoft-8035246 (17.0.8+7-LTS, mixed mode, sharing, tiered, compressed oops, compressed class ptrs, g1 gc, windows-amd64)
GC Precious Log:
 CPUs: 4 total, 4 available
 Memory: 12122M
 Large Page Support: Disabled
 NUMA Support: Disabled
 Compressed Oops: Enabled (32-bit)
 Heap Region Size: 1M
 Heap Min Capacity: 8M
 Heap Initial Capacity: 190M
 Heap Max Capacity: 2G
 Pre-touch: Disabled
 Parallel Workers: 4
 Concurrent Workers: 1
 Concurrent Refinement Workers: 4
 Periodic GC: Disabled
Heap:
 garbage-first heap   total 295936K, used 193221K [0x0000000080000000, 0x0000000100000000)
  region size 1024K, 20 young (20480K), 2 survivors (2048K)
 Metaspace       used 99088K, committed 100160K, reserved 557056K
  class space    used 13881K, committed 14400K, reserved 425984K
GC Heap History (20 events):
Event: 49.794 GC heap before
{Heap before GC invocations=49 (full 0):
 garbage-first heap   total 168960K, used 99838K [0x0000000080000000, 0x0000000100000000)
  region size 1024K, 8 young (8192K), 2 survivors (2048K)
 Metaspace       used 79669K, committed 80384K, reserved 557056K
  class space    used 11104K, committed 11456K, reserved 425984K
}
Event: 49.800 GC heap after
{Heap after GC invocations=50 (full 0):
 garbage-first heap   total 293888K, used 93700K [0x0000000080000000, 0x0000000100000000)
  region size 1024K, 1 young (1024K), 1 survivors (1024K)
 Metaspace       used 79669K, committed 80384K, reserved 557056K
  class space    used 11104K, committed 11456K, reserved 425984K
}
Event: 52.905 GC heap before
{Heap before GC invocations=50 (full 0):
 garbage-first heap   total 293888K, used 219652K [0x0000000080000000, 0x0000000100000000)
  region size 1024K, 123 young (125952K), 1 survivors (1024K)
 Metaspace       used 86833K, committed 87680K, reserved 557056K
  class space    used 12301K, committed 12672K, reserved 425984K
}
Event: 52.919 GC heap after
{Heap after GC invocations=51 (full 0):
 garbage-first heap   total 293888K, used 101502K [0x0000000080000000, 0x0000000100000000)
  region size 1024K, 9 young (9216K), 9 survivors (9216K)
 Metaspace       used 86833K, committed 87680K, reserved 557056K
  class space    used 12301K, committed 12672K, reserved 425984K
}
Event: 53.913 GC heap before
{Heap before GC invocations=51 (full 0):
 garbage-first heap   total 293888K, used 130174K [0x0000000080000000, 0x0000000100000000)
  region size 1024K, 39 young (39936K), 9 survivors (9216K)
 Metaspace       used 87418K, committed 88256K, reserved 557056K
  class space    used 12361K, committed 12736K, reserved 425984K
}
Event: 53.934 GC heap after
{Heap after GC invocations=52 (full 0):
 garbage-first heap   total 293888K, used 106090K [0x0000000080000000, 0x0000000100000000)
  region size 1024K, 13 young (13312K), 13 survivors (13312K)
 Metaspace       used 87418K, committed 88256K, reserved 557056K
  class space    used 12361K, committed 12736K, reserved 425984K
}
Event: 57.259 GC heap before
{Heap before GC invocations=53 (full 0):
 garbage-first heap   total 293888K, used 239210K [0x0000000080000000, 0x0000000100000000)
  region size 1024K, 134 young (137216K), 13 survivors (13312K)
 Metaspace       used 89111K, committed 90048K, reserved 557056K
  class space    used 12579K, committed 12992K, reserved 425984K
}
Event: 57.304 GC heap after
{Heap after GC invocations=54 (full 0):
 garbage-first heap   total 293888K, used 144124K [0x0000000080000000, 0x0000000100000000)
  region size 1024K, 17 young (17408K), 17 survivors (17408K)
 Metaspace       used 89111K, committed 90048K, reserved 557056K
  class space    used 12579K, committed 12992K, reserved 425984K
}
Event: 57.325 GC heap before
{Heap before GC invocations=54 (full 0):
 garbage-first heap   total 293888K, used 145148K [0x0000000080000000, 0x0000000100000000)
  region size 1024K, 18 young (18432K), 17 survivors (17408K)
 Metaspace       used 89117K, committed 90048K, reserved 557056K
  class space    used 12579K, committed 12992K, reserved 425984K
}
Event: 57.333 GC heap after
{Heap after GC invocations=55 (full 0):
 garbage-first heap   total 293888K, used 147456K [0x0000000080000000, 0x0000000100000000)
  region size 1024K, 2 young (2048K), 2 survivors (2048K)
 Metaspace       used 89117K, committed 90048K, reserved 557056K
  class space    used 12579K, committed 12992K, reserved 425984K
}
Event: 59.259 GC heap before
{Heap before GC invocations=55 (full 0):
 garbage-first heap   total 293888K, used 228352K [0x0000000080000000, 0x0000000100000000)
  region size 1024K, 81 young (82944K), 2 survivors (2048K)
 Metaspace       used 94905K, committed 95872K, reserved 557056K
  class space    used 13376K, committed 13824K, reserved 425984K
}
Event: 59.271 GC heap after
{Heap after GC invocations=56 (full 0):
 garbage-first heap   total 293888K, used 151714K [0x0000000080000000, 0x0000000100000000)
  region size 1024K, 7 young (7168K), 7 survivors (7168K)
 Metaspace       used 94905K, committed 95872K, reserved 557056K
  class space    used 13376K, committed 13824K, reserved 425984K
}
Event: 61.218 GC heap before
{Heap before GC invocations=56 (full 0):
 garbage-first heap   total 293888K, used 232610K [0x0000000080000000, 0x0000000100000000)
  region size 1024K, 86 young (88064K), 7 survivors (7168K)
 Metaspace       used 97432K, committed 98432K, reserved 557056K
  class space    used 13678K, committed 14144K, reserved 425984K
}
Event: 61.244 GC heap after
{Heap after GC invocations=57 (full 0):
 garbage-first heap   total 293888K, used 160238K [0x0000000080000000, 0x0000000100000000)
  region size 1024K, 11 young (11264K), 11 survivors (11264K)
 Metaspace       used 97432K, committed 98432K, reserved 557056K
  class space    used 13678K, committed 14144K, reserved 425984K
}
Event: 62.810 GC heap before
{Heap before GC invocations=57 (full 0):
 garbage-first heap   total 293888K, used 236014K [0x0000000080000000, 0x0000000100000000)
  region size 1024K, 85 young (87040K), 11 survivors (11264K)
 Metaspace       used 98654K, committed 99712K, reserved 557056K
  class space    used 13827K, committed 14336K, reserved 425984K
}
Event: 62.842 GC heap after
{Heap after GC invocations=58 (full 0):
 garbage-first heap   total 293888K, used 168736K [0x0000000080000000, 0x0000000100000000)
  region size 1024K, 8 young (8192K), 8 survivors (8192K)
 Metaspace       used 98654K, committed 99712K, reserved 557056K
  class space    used 13827K, committed 14336K, reserved 425984K
}
Event: 64.600 GC heap before
{Heap before GC invocations=59 (full 0):
 garbage-first heap   total 295936K, used 238368K [0x0000000080000000, 0x0000000100000000)
  region size 1024K, 77 young (78848K), 8 survivors (8192K)
 Metaspace       used 99083K, committed 100160K, reserved 557056K
  class space    used 13881K, committed 14400K, reserved 425984K
}
Event: 64.619 GC heap after
{Heap after GC invocations=60 (full 0):
 garbage-first heap   total 295936K, used 175400K [0x0000000080000000, 0x0000000100000000)
  region size 1024K, 8 young (8192K), 8 survivors (8192K)
 Metaspace       used 99083K, committed 100160K, reserved 557056K
  class space    used 13881K, committed 14400K, reserved 425984K
}
Event: 64.728 GC heap before
{Heap before GC invocations=60 (full 0):
 garbage-first heap   total 295936K, used 180520K [0x0000000080000000, 0x0000000100000000)
  region size 1024K, 14 young (14336K), 8 survivors (8192K)
 Metaspace       used 99086K, committed 100160K, reserved 557056K
  class space    used 13881K, committed 14400K, reserved 425984K
}
Event: 64.742 GC heap after
{Heap after GC invocations=61 (full 0):
 garbage-first heap   total 295936K, used 175813K [0x0000000080000000, 0x0000000100000000)
  region size 1024K, 2 young (2048K), 2 survivors (2048K)
 Metaspace       used 99086K, committed 100160K, reserved 557056K
  class space    used 13881K, committed 14400K, reserved 425984K
}

